<?xml version="1.0" encoding="UTF-8"?>
<testng-results ignored="0" total="1" passed="1" failed="0" skipped="0">
  <reporter-output>
  </reporter-output>
  <suite started-at="2023-11-08T18:23:15 IST" name="suite" finished-at="2023-11-08T18:23:36 IST" duration-ms="20864">
    <groups>
    </groups>
    <test started-at="2023-11-08T18:23:15 IST" name="test" finished-at="2023-11-08T18:23:36 IST" duration-ms="20864">
      <class name="com.logintest.TestClass_login">
        <test-method is-config="true" signature="setup(java.lang.String)[pri:0, instance:com.logintest.TestClass_login@3c3d9b6b]" started-at="2023-11-08T18:23:03 IST" name="setup" finished-at="2023-11-08T18:23:15 IST" duration-ms="11783" status="PASS">
          <params>
            <param index="0">
              <value>
                <![CDATA[edge]]>
              </value>
            </param>
          </params>
          <reporter-output>
          </reporter-output>
        </test-method> <!-- setup -->
        <test-method is-config="true" signature="beforeTest()[pri:0, instance:com.logintest.TestClass_login@3c3d9b6b]" started-at="2023-11-08T18:23:15 IST" name="beforeTest" finished-at="2023-11-08T18:23:15 IST" duration-ms="310" status="PASS">
          <reporter-output>
          </reporter-output>
        </test-method> <!-- beforeTest -->
        <test-method is-config="true" signature="pageobjects()[pri:0, instance:com.logintest.TestClass_login@3c3d9b6b]" started-at="2023-11-08T18:23:15 IST" name="pageobjects" finished-at="2023-11-08T18:23:15 IST" duration-ms="25" status="PASS">
          <reporter-output>
          </reporter-output>
        </test-method> <!-- pageobjects -->
        <test-method is-config="true" signature="createExtentTest(org.testng.ITestResult,java.lang.reflect.Method)[pri:0, instance:com.logintest.TestClass_login@3c3d9b6b]" started-at="2023-11-08T18:23:15 IST" name="createExtentTest" finished-at="2023-11-08T18:23:15 IST" duration-ms="7" status="PASS">
          <params>
            <param index="0">
              <value>
                <![CDATA[[TestResult name={null} status=CREATED method=TestClass_login.VerifyLoginFunctionality()[pri:1, instance:com.logintest.TestClass_login@3c3d9b6b] output={null}]]]>
              </value>
            </param>
            <param index="1">
              <value>
                <![CDATA[public void com.logintest.TestClass_login.VerifyLoginFunctionality() throws java.lang.Exception]]>
              </value>
            </param>
          </params>
          <reporter-output>
          </reporter-output>
        </test-method> <!-- createExtentTest -->
        <test-method signature="VerifyLoginFunctionality()[pri:1, instance:com.logintest.TestClass_login@3c3d9b6b]" started-at="2023-11-08T18:23:15 IST" name="VerifyLoginFunctionality" finished-at="2023-11-08T18:23:34 IST" duration-ms="18794" status="PASS">
          <reporter-output>
          </reporter-output>
        </test-method> <!-- VerifyLoginFunctionality -->
        <test-method is-config="true" signature="captureScreenshot(org.testng.ITestResult,java.lang.reflect.Method)[pri:0, instance:com.logintest.TestClass_login@3c3d9b6b]" started-at="2023-11-08T18:23:34 IST" name="captureScreenshot" finished-at="2023-11-08T18:23:34 IST" duration-ms="11" status="PASS">
          <params>
            <param index="0">
              <value>
                <![CDATA[[TestResult name=VerifyLoginFunctionality status=SUCCESS method=TestClass_login.VerifyLoginFunctionality()[pri:1, instance:com.logintest.TestClass_login@3c3d9b6b] output={null}]]]>
              </value>
            </param>
            <param index="1">
              <value>
                <![CDATA[public void com.logintest.TestClass_login.VerifyLoginFunctionality() throws java.lang.Exception]]>
              </value>
            </param>
          </params>
          <reporter-output>
          </reporter-output>
        </test-method> <!-- captureScreenshot -->
        <test-method is-config="true" signature="afterTest()[pri:0, instance:com.logintest.TestClass_login@3c3d9b6b]" started-at="2023-11-08T18:23:34 IST" name="afterTest" finished-at="2023-11-08T18:23:36 IST" duration-ms="1682" status="PASS">
          <reporter-output>
          </reporter-output>
        </test-method> <!-- afterTest -->
        <test-method is-config="true" signature="teardown()[pri:0, instance:com.logintest.TestClass_login@3c3d9b6b]" started-at="2023-11-08T18:23:36 IST" name="teardown" finished-at="2023-11-08T18:23:36 IST" duration-ms="1" status="PASS">
          <reporter-output>
          </reporter-output>
        </test-method> <!-- teardown -->
      </class> <!-- com.logintest.TestClass_login -->
    </test> <!-- test -->
  </suite> <!-- suite -->
</testng-results>
