<?xml version="1.0" encoding="UTF-8"?>
<!-- Generated by org.testng.reporters.JUnitXMLReporter -->
<testsuite ignored="0" hostname="DESKTOP-6PMNGS4" failures="0" tests="33" name="Default test" time="278.205" errors="0" timestamp="2023-10-18T13:11:44 IST">
  <testcase classname="com.logintest.TestClass_Signup" name="ClickonSignuplink" time="2.308"/>
  <testcase classname="com.logintest.TestClass_Signup" name="VerifyLoginFnctionality" time="4.136"/>
  <testcase classname="com.logintest.TestClass_Signup" name="verifyOtpverification" time="27.452"/>
  <testcase classname="com.logintest.TestClass_Signup" name="ClickOnInvestNowButton" time="3.25"/>
  <testcase classname="com.logintest.TestClass_Signup" name="ClickOnStartNowButton" time="6.207"/>
  <testcase classname="com.logintest.TestClass_Signup" name="AttemptQuestionnaries" time="15.828"/>
  <testcase classname="com.logintest.TestClass_Signup" name="ClickOnSubmitMyResponcesButton" time="0.119"/>
  <testcase classname="com.logintest.TestClass_Signup" name="ConfirmResponces" time="2.197"/>
  <testcase classname="com.logintest.TestClass_Signup" name="SelectCheckbox" time="11.527"/>
  <testcase classname="com.logintest.TestClass_Signup" name="clickonCompleteOnboarding" time="2.024"/>
  <testcase classname="com.logintest.TestClass_Signup" name="Downloadfile" time="0.007"/>
  <testcase classname="com.logintest.TestClass_Signup" name="uploadFile" time="7.345"/>
  <testcase classname="com.logintest.TestClass_Signup" name="browsefile1" time="24.172"/>
  <testcase classname="com.logintest.TestClass_Signup" name="SelectPlan" time="7.164"/>
  <testcase classname="com.logintest.TestClass_Signup" name="ClickOnContinueButton" time="2.196"/>
  <testcase classname="com.logintest.TestClass_Signup" name="clickonpaybutton" time="5.22"/>
  <testcase classname="com.logintest.TestClass_Signup" name="confirmforPayment" time="2.138"/>
  <testcase classname="com.logintest.TestClass_Signup" name="selectpaymentoption" time="0.155"/>
  <testcase classname="com.logintest.TestClass_Signup" name="enterupi" time="0.216"/>
  <testcase classname="com.logintest.TestClass_Signup" name="VerifyUpibutton" time="0.169"/>
  <testcase classname="com.logintest.TestClass_Signup" name="clickonPaynowButton" time="3.166"/>
  <testcase classname="com.logintest.TestClass_Signup" name="ClickonPayUsingupi" time="6.302"/>
  <testcase classname="com.logintest.TestClass_Signup" name="VerifyUpiIdfield" time="0.266"/>
  <testcase classname="com.logintest.TestClass_Signup" name="ClickOnPayNow" time="15.255"/>
  <testcase classname="com.logintest.TestClass_Signup" name="ClickonContinueButton" time="25.204"/>
  <testcase classname="com.logintest.TestClass_Signup" name="EnterPAN" time="8.298"/>
  <testcase classname="com.logintest.TestClass_Signup" name="EnterDateofBirth" time="0.243"/>
  <testcase classname="com.logintest.TestClass_Signup" name="ClickonSubmit" time="4.172"/>
  <testcase classname="com.logintest.TestClass_Signup" name="ClickonProceedtoClientAgreement" time="7.161"/>
  <testcase classname="com.logintest.TestClass_Signup" name="clickoncheckbox1" time="6.301"/>
  <testcase classname="com.logintest.TestClass_Signup" name="clickoncheckbox2" time="3.15"/>
  <testcase classname="com.logintest.TestClass_Signup" name="clickonProceed" time="0.32"/>
  <testcase classname="com.logintest.TestClass_Signup" name="clickonSignNowButton" time="71.144"/>
</testsuite> <!-- Default test -->
